GowinSynthesis start
Running parser ...
Analyzing Verilog file 'H:\git\PCB_LEDMatrix3216\sample\tetris\src\matrix_led_top.v'
Undeclared symbol 'KEY_RIGHT', assumed default net type 'wire'("H:\git\PCB_LEDMatrix3216\sample\tetris\src\matrix_led_top.v":13)
WARN  (EX3638) : 'KEY_RIGHT' is already implicitly declared on line 13("H:\git\PCB_LEDMatrix3216\sample\tetris\src\matrix_led_top.v":16)
Compiling module 'matrix_led_top'("H:\git\PCB_LEDMatrix3216\sample\tetris\src\matrix_led_top.v":1)
WARN  (EX3791) : Expression size 5 truncated to fit in target size 4("H:\git\PCB_LEDMatrix3216\sample\tetris\src\matrix_led_top.v":741)
WARN  (EX3791) : Expression size 5 truncated to fit in target size 4("H:\git\PCB_LEDMatrix3216\sample\tetris\src\matrix_led_top.v":742)
WARN  (EX3791) : Expression size 5 truncated to fit in target size 4("H:\git\PCB_LEDMatrix3216\sample\tetris\src\matrix_led_top.v":743)
WARN  (EX3791) : Expression size 5 truncated to fit in target size 4("H:\git\PCB_LEDMatrix3216\sample\tetris\src\matrix_led_top.v":744)
WARN  (EX3791) : Expression size 5 truncated to fit in target size 4("H:\git\PCB_LEDMatrix3216\sample\tetris\src\matrix_led_top.v":745)
WARN  (EX3791) : Expression size 32 truncated to fit in target size 5("H:\git\PCB_LEDMatrix3216\sample\tetris\src\matrix_led_top.v":830)
WARN  (EX3791) : Expression size 32 truncated to fit in target size 6("H:\git\PCB_LEDMatrix3216\sample\tetris\src\matrix_led_top.v":831)
WARN  (EX1998) : Net 'KEY_LEFT' does not have a driver("H:\git\PCB_LEDMatrix3216\sample\tetris\src\matrix_led_top.v":15)
WARN  (EX1998) : Net 'KEY_DOWN' does not have a driver("H:\git\PCB_LEDMatrix3216\sample\tetris\src\matrix_led_top.v":17)
WARN  (EX1998) : Net 'BTN_A' does not have a driver("H:\git\PCB_LEDMatrix3216\sample\tetris\src\matrix_led_top.v":18)
WARN  (EX1998) : Net 'BTN_B' does not have a driver("H:\git\PCB_LEDMatrix3216\sample\tetris\src\matrix_led_top.v":19)
NOTE  (EX0101) : Current top module is "matrix_led_top"
[5%] Running netlist conversion ...
Running device independent optimization ...
[10%] Optimizing Phase 0 completed
[15%] Optimizing Phase 1 completed
[25%] Optimizing Phase 2 completed
Running inference ...
[30%] Inferring Phase 0 completed
[40%] Inferring Phase 1 completed
[50%] Inferring Phase 2 completed
[55%] Inferring Phase 3 completed
Running technical mapping ...
[60%] Tech-Mapping Phase 0 completed
[65%] Tech-Mapping Phase 1 completed
[75%] Tech-Mapping Phase 2 completed
[80%] Tech-Mapping Phase 3 completed
[90%] Tech-Mapping Phase 4 completed
[95%] Generate netlist file "H:\git\PCB_LEDMatrix3216\sample\tetris\impl\gwsynthesis\tetris.vg" completed
[100%] Generate report file "H:\git\PCB_LEDMatrix3216\sample\tetris\impl\gwsynthesis\tetris_syn.rpt.html" completed
GowinSynthesis finish
