GowinSynthesis start
Running parser ...
Analyzing Verilog file 'C:\Git\PCB_LEDMatrix3216\sample\tetris\veryl\src\dualshock_controller.sv'
Analyzing Verilog file 'C:\Git\PCB_LEDMatrix3216\sample\tetris\veryl\src\matrix_led_top.sv'
Compiling module 'tetris_matrix_led_top'("C:\Git\PCB_LEDMatrix3216\sample\tetris\veryl\src\matrix_led_top.sv":9)
Extracting RAM for identifier 'joy_rx2'("C:\Git\PCB_LEDMatrix3216\sample\tetris\veryl\src\matrix_led_top.sv":88)
Compiling module 'tetris_dualshock_controller'("C:\Git\PCB_LEDMatrix3216\sample\tetris\veryl\src\dualshock_controller.sv":436)
Compiling module 'tetris_ps_pls_gan'("C:\Git\PCB_LEDMatrix3216\sample\tetris\veryl\src\dualshock_controller.sv":84)
Compiling module 'tetris_txd_commnd'("C:\Git\PCB_LEDMatrix3216\sample\tetris\veryl\src\dualshock_controller.sv":202)
Compiling module 'tetris_ps_txd'("C:\Git\PCB_LEDMatrix3216\sample\tetris\veryl\src\dualshock_controller.sv":51)
Compiling module 'tetris_ps_rxd'("C:\Git\PCB_LEDMatrix3216\sample\tetris\veryl\src\dualshock_controller.sv":19)
WARN  (EX3791) : Expression size 19 truncated to fit in target size 17("C:\Git\PCB_LEDMatrix3216\sample\tetris\veryl\src\matrix_led_top.sv":867)
WARN  (EX3791) : Expression size 5 truncated to fit in target size 4("C:\Git\PCB_LEDMatrix3216\sample\tetris\veryl\src\matrix_led_top.sv":868)
WARN  (EX3791) : Expression size 5 truncated to fit in target size 4("C:\Git\PCB_LEDMatrix3216\sample\tetris\veryl\src\matrix_led_top.sv":869)
WARN  (EX3791) : Expression size 5 truncated to fit in target size 4("C:\Git\PCB_LEDMatrix3216\sample\tetris\veryl\src\matrix_led_top.sv":870)
WARN  (EX3791) : Expression size 5 truncated to fit in target size 4("C:\Git\PCB_LEDMatrix3216\sample\tetris\veryl\src\matrix_led_top.sv":871)
WARN  (EX3791) : Expression size 5 truncated to fit in target size 4("C:\Git\PCB_LEDMatrix3216\sample\tetris\veryl\src\matrix_led_top.sv":872)
WARN  (EX3791) : Expression size 32 truncated to fit in target size 5("C:\Git\PCB_LEDMatrix3216\sample\tetris\veryl\src\matrix_led_top.sv":975)
WARN  (EX3791) : Expression size 8 truncated to fit in target size 6("C:\Git\PCB_LEDMatrix3216\sample\tetris\veryl\src\matrix_led_top.sv":976)
NOTE  (EX0101) : Current top module is "tetris_matrix_led_top"
[5%] Running netlist conversion ...
WARN  (CV0016) : Input USER_KEY is unused("C:\Git\PCB_LEDMatrix3216\sample\tetris\veryl\src\matrix_led_top.sv":11)
WARN  (CV0016) : Input USER_KEY2 is unused("C:\Git\PCB_LEDMatrix3216\sample\tetris\veryl\src\matrix_led_top.sv":12)
WARN  (CV0016) : Input joystick_miso2 is unused("C:\Git\PCB_LEDMatrix3216\sample\tetris\veryl\src\matrix_led_top.sv":25)
Running device independent optimization ...
[10%] Optimizing Phase 0 completed
[15%] Optimizing Phase 1 completed
[25%] Optimizing Phase 2 completed
Running inference ...
[30%] Inferring Phase 0 completed
[40%] Inferring Phase 1 completed
[50%] Inferring Phase 2 completed
[55%] Inferring Phase 3 completed
Running technical mapping ...
[60%] Tech-Mapping Phase 0 completed
[65%] Tech-Mapping Phase 1 completed
[75%] Tech-Mapping Phase 2 completed
[80%] Tech-Mapping Phase 3 completed
[90%] Tech-Mapping Phase 4 completed
[95%] Generate netlist file "C:\Git\PCB_LEDMatrix3216\sample\tetris\veryl\impl\gwsynthesis\tetris.vg" completed
[100%] Generate report file "C:\Git\PCB_LEDMatrix3216\sample\tetris\veryl\impl\gwsynthesis\tetris_syn.rpt.html" completed
GowinSynthesis finish
